<?xml version="1.0" encoding="UTF-8"?>
<!-- Generated by org.testng.reporters.JUnitReportReporter -->
<testsuite skipped="0" hostname="Rahul-PC" name="restApiTest.APITest" tests="1" failures="0" timestamp="2020-08-09T16:08:44 IST" time="2.271" errors="0">
  <testcase name="test" time="2.271" classname="restApiTest.APITest"/>
</testsuite> <!-- restApiTest.APITest -->
